d:\0923\spongebob\spongebob\engine\default\x64\release\vc140.pdb
d:\0923\spongebob\spongebob\engine\default\x64\release\input_device.obj
d:\0923\spongebob\spongebob\engine\default\x64\release\hp_management.obj
d:\0923\spongebob\spongebob\engine\default\x64\release\hierarchynode.obj
d:\0923\spongebob\spongebob\engine\default\x64\release\graphic_device.obj
d:\0923\spongebob\spongebob\engine\default\x64\release\gameobject.obj
d:\0923\spongebob\spongebob\engine\default\x64\release\gameinstance.obj
d:\0923\spongebob\spongebob\engine\default\x64\release\frustum.obj
d:\0923\spongebob\spongebob\engine\default\x64\release\font_manager.obj
d:\0923\spongebob\spongebob\engine\default\x64\release\director_management.obj
d:\0923\spongebob\spongebob\engine\default\x64\release\debugdraw.obj
d:\0923\spongebob\spongebob\engine\default\x64\release\customfont.obj
d:\0923\spongebob\spongebob\engine\default\x64\release\culling.obj
d:\0923\spongebob\spongebob\engine\default\x64\release\component_manager.obj
d:\0923\spongebob\spongebob\engine\default\x64\release\component.obj
d:\0923\spongebob\spongebob\engine\default\x64\release\collider.obj
d:\0923\spongebob\spongebob\engine\default\x64\release\channel.obj
d:\0923\spongebob\spongebob\engine\default\x64\release\cell.obj
d:\0923\spongebob\spongebob\engine\default\x64\release\camera.obj
d:\0923\spongebob\spongebob\engine\default\x64\release\base.obj
d:\0923\spongebob\spongebob\engine\default\x64\release\animation.obj
d:\0923\spongebob\spongebob\engine\default\x64\release\timer_manager.obj
d:\0923\spongebob\spongebob\engine\default\x64\release\timer.obj
d:\0923\spongebob\spongebob\engine\default\x64\release\texture.obj
d:\0923\spongebob\spongebob\engine\default\x64\release\target_manager.obj
d:\0923\spongebob\spongebob\engine\default\x64\release\soundmgr.obj
d:\0923\spongebob\spongebob\engine\default\x64\release\shader.obj
d:\0923\spongebob\spongebob\engine\default\x64\release\rendertarget.obj
d:\0923\spongebob\spongebob\engine\default\x64\release\renderer.obj
d:\0923\spongebob\spongebob\engine\default\x64\release\player_management.obj
d:\0923\spongebob\spongebob\engine\default\x64\release\pipeline.obj
d:\0923\spongebob\spongebob\engine\default\x64\release\picking.obj
d:\0923\spongebob\spongebob\engine\default\x64\release\object_manager.obj
d:\0923\spongebob\spongebob\engine\default\x64\release\navigation.obj
d:\0923\spongebob\spongebob\engine\default\x64\release\model.obj
d:\0923\spongebob\spongebob\engine\default\x64\release\meshcontainer.obj
d:\0923\spongebob\spongebob\engine\default\x64\release\light_manager.obj
d:\0923\spongebob\spongebob\engine\default\x64\release\light.obj
d:\0923\spongebob\spongebob\engine\default\x64\release\level_manager.obj
d:\0923\spongebob\spongebob\engine\default\x64\release\level.obj
d:\0923\spongebob\spongebob\engine\default\x64\release\layer.obj
d:\0923\spongebob\spongebob\engine\default\x64\release\engine_struct.obj
d:\0923\spongebob\spongebob\engine\default\x64\release\vibuffer_terrain.obj
d:\0923\spongebob\spongebob\engine\default\x64\release\vibuffer_rect_instance.obj
d:\0923\spongebob\spongebob\engine\default\x64\release\vibuffer_rect.obj
d:\0923\spongebob\spongebob\engine\default\x64\release\vibuffer_point_instance.obj
d:\0923\spongebob\spongebob\engine\default\x64\release\vibuffer_cube.obj
d:\0923\spongebob\spongebob\engine\default\x64\release\vibuffer_cell.obj
d:\0923\spongebob\spongebob\engine\default\x64\release\vibuffer.obj
d:\0923\spongebob\spongebob\engine\default\x64\release\transform.obj
d:\0923\spongebob\spongebob\engine\bin\engine.lib
d:\0923\spongebob\spongebob\engine\bin\engine.exp
d:\0923\spongebob\spongebob\engine\bin\engine.dll
d:\0923\spongebob\spongebob\engine\bin\engine.ipdb
d:\0923\spongebob\spongebob\engine\bin\engine.iobj
d:\0923\spongebob\spongebob\engine\bin\engine.pdb
d:\0923\spongebob\spongebob\engine\bin\engine.ilk
d:\0923\spongebob\spongebob\engine\default\x64\release\engine.tlog\cl.command.1.tlog
d:\0923\spongebob\spongebob\engine\default\x64\release\engine.tlog\cl.read.1.tlog
d:\0923\spongebob\spongebob\engine\default\x64\release\engine.tlog\cl.write.1.tlog
d:\0923\spongebob\spongebob\engine\default\x64\release\engine.tlog\engine.write.1u.tlog
d:\0923\spongebob\spongebob\engine\default\x64\release\engine.tlog\link.command.1.tlog
d:\0923\spongebob\spongebob\engine\default\x64\release\engine.tlog\link.read.1.tlog
d:\0923\spongebob\spongebob\engine\default\x64\release\engine.tlog\link.write.1.tlog
