  Animation.cpp
..\Private\Animation.cpp(54): warning C4244: '인수': 'Engine::_uint'에서 'Engine::_float'(으)로 변환하면서 데이터가 손실될 수 있습니다.
  Base.cpp
  Camera.cpp
  Cell.cpp
  Channel.cpp
..\Private\Channel.cpp(124): warning C4244: '초기화 중': 'Engine::_double'에서 'Engine::_float'(으)로 변환하면서 데이터가 손실될 수 있습니다.
  Collider.cpp
  Component.cpp
  Component_Manager.cpp
  Culling.cpp
  CustomFont.cpp
  DebugDraw.cpp
  Director_Management.cpp
  Font_Manager.cpp
  Frustum.cpp
  GameInstance.cpp
  GameObject.cpp
  Graphic_Device.cpp
..\Private\Graphic_Device.cpp(43): warning C4244: '=': 'Engine::_uint'에서 'FLOAT'(으)로 변환하면서 데이터가 손실될 수 있습니다.
..\Private\Graphic_Device.cpp(44): warning C4244: '=': 'Engine::_uint'에서 'FLOAT'(으)로 변환하면서 데이터가 손실될 수 있습니다.
  HierarchyNode.cpp
..\Private\HierarchyNode.cpp(17): warning C4244: '=': 'Engine::_uint'에서 'Engine::_float'(으)로 변환하면서 데이터가 손실될 수 있습니다.
  Hp_Management.cpp
  Input_Device.cpp
  컴파일하고 있습니다...
  Layer.cpp
  Level.cpp
  Level_Manager.cpp
  Light.cpp
  Light_Manager.cpp
  MeshContainer.cpp
  Model.cpp
..\Private\Model.cpp(202): warning C4244: '인수': 'double'에서 'Engine::_uint'(으)로 변환하면서 데이터가 손실될 수 있습니다.
..\Private\Model.cpp(260): warning C4244: '인수': 'double'에서 'Engine::_uint'(으)로 변환하면서 데이터가 손실될 수 있습니다.
..\Private\Model.cpp(317): warning C4244: '인수': 'double'에서 'Engine::_uint'(으)로 변환하면서 데이터가 손실될 수 있습니다.
..\Private\Model.cpp(434): warning C4267: '인수': 'size_t'에서 'int'(으)로 변환하면서 데이터가 손실될 수 있습니다.
  Navigation.cpp
..\Private\Navigation.cpp(43): warning C4267: '인수': 'size_t'에서 'Engine::_int'(으)로 변환하면서 데이터가 손실될 수 있습니다.
  Object_Manager.cpp
  Picking.cpp
  PipeLine.cpp
  Player_Management.cpp
  Renderer.cpp
..\Private\Renderer.cpp(32): warning C4244: '인수': 'FLOAT'에서 'Engine::_uint'(으)로 변환하면서 데이터가 손실될 수 있습니다.
..\Private\Renderer.cpp(36): warning C4244: '인수': 'FLOAT'에서 'Engine::_uint'(으)로 변환하면서 데이터가 손실될 수 있습니다.
..\Private\Renderer.cpp(40): warning C4244: '인수': 'FLOAT'에서 'Engine::_uint'(으)로 변환하면서 데이터가 손실될 수 있습니다.
..\Private\Renderer.cpp(44): warning C4244: '인수': 'FLOAT'에서 'Engine::_uint'(으)로 변환하면서 데이터가 손실될 수 있습니다.
..\Private\Renderer.cpp(48): warning C4244: '인수': 'FLOAT'에서 'Engine::_uint'(으)로 변환하면서 데이터가 손실될 수 있습니다.
  RenderTarget.cpp
  Shader.cpp
  SoundMgr.cpp
..\Private\SoundMgr.cpp(193): warning C4267: '초기화 중': 'size_t'에서 'int'(으)로 변환하면서 데이터가 손실될 수 있습니다.
  Target_Manager.cpp
  Texture.cpp
  Timer.cpp
  Timer_Manager.cpp
  컴파일하고 있습니다...
  Transform.cpp
  VIBuffer.cpp
  VIBuffer_Cell.cpp
  VIBuffer_Cube.cpp
  VIBuffer_Point_Instance.cpp
..\Private\VIBuffer_Point_Instance.cpp(112): warning C4244: '인수': 'int'에서 'float'(으)로 변환하면서 데이터가 손실될 수 있습니다.
..\Private\VIBuffer_Point_Instance.cpp(168): warning C4244: '-=': 'Engine::_double'에서 'float'(으)로 변환하면서 데이터가 손실될 수 있습니다.
..\Private\VIBuffer_Point_Instance.cpp(189): warning C4244: '-=': 'Engine::_double'에서 'float'(으)로 변환하면서 데이터가 손실될 수 있습니다.
..\Private\VIBuffer_Point_Instance.cpp(192): warning C4244: '=': 'int'에서 'float'(으)로 변환하면서 데이터가 손실될 수 있습니다.
..\Private\VIBuffer_Point_Instance.cpp(214): warning C4244: '=': 'int'에서 'float'(으)로 변환하면서 데이터가 손실될 수 있습니다.
..\Private\VIBuffer_Point_Instance.cpp(215): warning C4244: '=': 'int'에서 'float'(으)로 변환하면서 데이터가 손실될 수 있습니다.
..\Private\VIBuffer_Point_Instance.cpp(216): warning C4244: '=': 'int'에서 'float'(으)로 변환하면서 데이터가 손실될 수 있습니다.
  VIBuffer_Rect.cpp
  VIBuffer_Rect_Instance.cpp
..\Private\VIBuffer_Rect_Instance.cpp(138): warning C4244: '인수': 'int'에서 'float'(으)로 변환하면서 데이터가 손실될 수 있습니다.
..\Private\VIBuffer_Rect_Instance.cpp(197): warning C4244: '+=': 'Engine::_double'에서 'float'(으)로 변환하면서 데이터가 손실될 수 있습니다.
  VIBuffer_Terrain.cpp
..\Private\VIBuffer_Terrain.cpp(34): warning C4244: '인수': 'Engine::_uint'에서 'float'(으)로 변환하면서 데이터가 손실될 수 있습니다.
..\Private\VIBuffer_Terrain.cpp(175): warning C4244: '인수': 'Engine::_uint'에서 'float'(으)로 변환하면서 데이터가 손실될 수 있습니다.
  Engine_Struct.cpp
     D:\0923\SpongeBob\SpongeBob\Engine\Bin\Engine.lib 라이브러리 및 D:\0923\SpongeBob\SpongeBob\Engine\Bin\Engine.exp 개체를 생성하고 있습니다.
  코드를 생성하고 있습니다.
d:\0923\spongebob\spongebob\engine\private\picking.cpp(129): warning C4715: 'Engine::CPicking::Get_Pos': 모든 제어 경로에서 값을 반환하지는 않습니다.
  All 3708 functions were compiled because no usable IPDB/IOBJ from previous compilation was found.
  코드를 생성했습니다.
DirectXTK.lib(CommonStates.obj) : warning LNK4099: 'DirectXTK.pdb' PDB를 'DirectXTK.lib(CommonStates.obj)' 또는 'D:\0923\SpongeBob\SpongeBob\Engine\Bin\DirectXTK.pdb'에서 찾을 수 없습니다. 디버그 정보가 없는 것처럼 개체를 링크합니다.
DirectXTK.lib(DDSTextureLoader.obj) : warning LNK4099: 'DirectXTK.pdb' PDB를 'DirectXTK.lib(DDSTextureLoader.obj)' 또는 'D:\0923\SpongeBob\SpongeBob\Engine\Bin\DirectXTK.pdb'에서 찾을 수 없습니다. 디버그 정보가 없는 것처럼 개체를 링크합니다.
DirectXTK.lib(BinaryReader.obj) : warning LNK4099: 'DirectXTK.pdb' PDB를 'DirectXTK.lib(BinaryReader.obj)' 또는 'D:\0923\SpongeBob\SpongeBob\Engine\Bin\DirectXTK.pdb'에서 찾을 수 없습니다. 디버그 정보가 없는 것처럼 개체를 링크합니다.
DirectXTK.lib(pch.obj) : warning LNK4099: 'DirectXTK.pdb' PDB를 'DirectXTK.lib(pch.obj)' 또는 'D:\0923\SpongeBob\SpongeBob\Engine\Bin\DirectXTK.pdb'에서 찾을 수 없습니다. 디버그 정보가 없는 것처럼 개체를 링크합니다.
DirectXTK.lib(ScreenGrab.obj) : warning LNK4099: 'DirectXTK.pdb' PDB를 'DirectXTK.lib(ScreenGrab.obj)' 또는 'D:\0923\SpongeBob\SpongeBob\Engine\Bin\DirectXTK.pdb'에서 찾을 수 없습니다. 디버그 정보가 없는 것처럼 개체를 링크합니다.
DirectXTK.lib(SpriteBatch.obj) : warning LNK4099: 'DirectXTK.pdb' PDB를 'DirectXTK.lib(SpriteBatch.obj)' 또는 'D:\0923\SpongeBob\SpongeBob\Engine\Bin\DirectXTK.pdb'에서 찾을 수 없습니다. 디버그 정보가 없는 것처럼 개체를 링크합니다.
DirectXTK.lib(PrimitiveBatch.obj) : warning LNK4099: 'DirectXTK.pdb' PDB를 'DirectXTK.lib(PrimitiveBatch.obj)' 또는 'D:\0923\SpongeBob\SpongeBob\Engine\Bin\DirectXTK.pdb'에서 찾을 수 없습니다. 디버그 정보가 없는 것처럼 개체를 링크합니다.
DirectXTK.lib(SpriteFont.obj) : warning LNK4099: 'DirectXTK.pdb' PDB를 'DirectXTK.lib(SpriteFont.obj)' 또는 'D:\0923\SpongeBob\SpongeBob\Engine\Bin\DirectXTK.pdb'에서 찾을 수 없습니다. 디버그 정보가 없는 것처럼 개체를 링크합니다.
DirectXTK.lib(VertexTypes.obj) : warning LNK4099: 'DirectXTK.pdb' PDB를 'DirectXTK.lib(VertexTypes.obj)' 또는 'D:\0923\SpongeBob\SpongeBob\Engine\Bin\DirectXTK.pdb'에서 찾을 수 없습니다. 디버그 정보가 없는 것처럼 개체를 링크합니다.
DirectXTK.lib(WICTextureLoader.obj) : warning LNK4099: 'DirectXTK.pdb' PDB를 'DirectXTK.lib(WICTextureLoader.obj)' 또는 'D:\0923\SpongeBob\SpongeBob\Engine\Bin\DirectXTK.pdb'에서 찾을 수 없습니다. 디버그 정보가 없는 것처럼 개체를 링크합니다.
Effects11.lib(d3dxGlobal.obj) : warning LNK4099: 'Effects11.pdb' PDB를 'Effects11.lib(d3dxGlobal.obj)' 또는 'D:\0923\SpongeBob\SpongeBob\Engine\Bin\Effects11.pdb'에서 찾을 수 없습니다. 디버그 정보가 없는 것처럼 개체를 링크합니다.
Effects11.lib(EffectAPI.obj) : warning LNK4099: 'Effects11.pdb' PDB를 'Effects11.lib(EffectAPI.obj)' 또는 'D:\0923\SpongeBob\SpongeBob\Engine\Bin\Effects11.pdb'에서 찾을 수 없습니다. 디버그 정보가 없는 것처럼 개체를 링크합니다.
Effects11.lib(EffectLoad.obj) : warning LNK4099: 'Effects11.pdb' PDB를 'Effects11.lib(EffectLoad.obj)' 또는 'D:\0923\SpongeBob\SpongeBob\Engine\Bin\Effects11.pdb'에서 찾을 수 없습니다. 디버그 정보가 없는 것처럼 개체를 링크합니다.
Effects11.lib(EffectNonRuntime.obj) : warning LNK4099: 'Effects11.pdb' PDB를 'Effects11.lib(EffectNonRuntime.obj)' 또는 'D:\0923\SpongeBob\SpongeBob\Engine\Bin\Effects11.pdb'에서 찾을 수 없습니다. 디버그 정보가 없는 것처럼 개체를 링크합니다.
Effects11.lib(EffectReflection.obj) : warning LNK4099: 'Effects11.pdb' PDB를 'Effects11.lib(EffectReflection.obj)' 또는 'D:\0923\SpongeBob\SpongeBob\Engine\Bin\Effects11.pdb'에서 찾을 수 없습니다. 디버그 정보가 없는 것처럼 개체를 링크합니다.
Effects11.lib(EffectRuntime.obj) : warning LNK4099: 'Effects11.pdb' PDB를 'Effects11.lib(EffectRuntime.obj)' 또는 'D:\0923\SpongeBob\SpongeBob\Engine\Bin\Effects11.pdb'에서 찾을 수 없습니다. 디버그 정보가 없는 것처럼 개체를 링크합니다.
  Engine.vcxproj -> D:\0923\SpongeBob\SpongeBob\Engine\Bin\Engine.dll
  Engine.vcxproj -> D:\0923\SpongeBob\SpongeBob\Engine\Bin\Engine.pdb (Full PDB)
