d:\task\dx11_3dportfolio_spongebob\client\default\x64\debug\client.pch
d:\task\dx11_3dportfolio_spongebob\client\default\x64\debug\vc143.pdb
d:\task\dx11_3dportfolio_spongebob\client\default\x64\debug\vc143.idb
d:\task\dx11_3dportfolio_spongebob\client\default\x64\debug\stdafx.obj
d:\task\dx11_3dportfolio_spongebob\client\default\x64\debug\disable_exit.obj
d:\task\dx11_3dportfolio_spongebob\client\default\x64\debug\cut.obj
d:\task\dx11_3dportfolio_spongebob\client\default\x64\debug\camera_free.obj
d:\task\dx11_3dportfolio_spongebob\client\default\x64\debug\bubbleui.obj
d:\task\dx11_3dportfolio_spongebob\client\default\x64\debug\bubblepangeffect.obj
d:\task\dx11_3dportfolio_spongebob\client\default\x64\debug\bubbleeffect.obj
d:\task\dx11_3dportfolio_spongebob\client\default\x64\debug\bubble.obj
d:\task\dx11_3dportfolio_spongebob\client\default\x64\debug\boss_sandy_head_glass2.obj
d:\task\dx11_3dportfolio_spongebob\client\default\x64\debug\boss_sandy_head_glass.obj
d:\task\dx11_3dportfolio_spongebob\client\default\x64\debug\boss_sandy_head2.obj
d:\task\dx11_3dportfolio_spongebob\client\default\x64\debug\boss_sandy_head.obj
d:\task\dx11_3dportfolio_spongebob\client\default\x64\debug\boss_sandy_body.obj
d:\task\dx11_3dportfolio_spongebob\client\default\x64\debug\boss_sandy.obj
d:\task\dx11_3dportfolio_spongebob\client\default\x64\debug\boss_hp_energy.obj
d:\task\dx11_3dportfolio_spongebob\client\default\x64\debug\boss_hpbar.obj
d:\task\dx11_3dportfolio_spongebob\client\default\x64\debug\blackbackground.obj
d:\task\dx11_3dportfolio_spongebob\client\default\x64\debug\big_pillar_attachment.obj
d:\task\dx11_3dportfolio_spongebob\client\default\x64\debug\big_pillar.obj
d:\task\dx11_3dportfolio_spongebob\client\default\x64\debug\big_cloth.obj
d:\task\dx11_3dportfolio_spongebob\client\default\x64\debug\background.obj
d:\task\dx11_3dportfolio_spongebob\client\default\x64\debug\flower.obj
d:\task\dx11_3dportfolio_spongebob\client\default\x64\debug\flame.obj
d:\task\dx11_3dportfolio_spongebob\client\default\x64\debug\fish_l.obj
d:\task\dx11_3dportfolio_spongebob\client\default\x64\debug\fish_k.obj
d:\task\dx11_3dportfolio_spongebob\client\default\x64\debug\fish_j.obj
d:\task\dx11_3dportfolio_spongebob\client\default\x64\debug\fish_i.obj
d:\task\dx11_3dportfolio_spongebob\client\default\x64\debug\fish_h.obj
d:\task\dx11_3dportfolio_spongebob\client\default\x64\debug\fish_g.obj
d:\task\dx11_3dportfolio_spongebob\client\default\x64\debug\fish_e.obj
d:\task\dx11_3dportfolio_spongebob\client\default\x64\debug\fish_d.obj
d:\task\dx11_3dportfolio_spongebob\client\default\x64\debug\fish_c.obj
d:\task\dx11_3dportfolio_spongebob\client\default\x64\debug\fish_b2.obj
d:\task\dx11_3dportfolio_spongebob\client\default\x64\debug\fish_b.obj
d:\task\dx11_3dportfolio_spongebob\client\default\x64\debug\fish_a.obj
d:\task\dx11_3dportfolio_spongebob\client\default\x64\debug\fish.obj
d:\task\dx11_3dportfolio_spongebob\client\default\x64\debug\field.obj
d:\task\dx11_3dportfolio_spongebob\client\default\x64\debug\endpangeffect_point.obj
d:\task\dx11_3dportfolio_spongebob\client\default\x64\debug\electric.obj
d:\task\dx11_3dportfolio_spongebob\client\default\x64\debug\effect_point.obj
d:\task\dx11_3dportfolio_spongebob\client\default\x64\debug\disable_geme_start.obj
d:\task\dx11_3dportfolio_spongebob\client\default\x64\debug\light_cone_green.obj
d:\task\dx11_3dportfolio_spongebob\client\default\x64\debug\light_cone_blue.obj
d:\task\dx11_3dportfolio_spongebob\client\default\x64\debug\level_menu.obj
d:\task\dx11_3dportfolio_spongebob\client\default\x64\debug\level_logo.obj
d:\task\dx11_3dportfolio_spongebob\client\default\x64\debug\level_loading.obj
d:\task\dx11_3dportfolio_spongebob\client\default\x64\debug\level_gameplay.obj
d:\task\dx11_3dportfolio_spongebob\client\default\x64\debug\level_field.obj
d:\task\dx11_3dportfolio_spongebob\client\default\x64\debug\king_neptune.obj
d:\task\dx11_3dportfolio_spongebob\client\default\x64\debug\jelly_pink.obj
d:\task\dx11_3dportfolio_spongebob\client\default\x64\debug\jelly_blue.obj
d:\task\dx11_3dportfolio_spongebob\client\default\x64\debug\jellyground.obj
d:\task\dx11_3dportfolio_spongebob\client\default\x64\debug\jellycut.obj
d:\task\dx11_3dportfolio_spongebob\client\default\x64\debug\infoeffect.obj
d:\task\dx11_3dportfolio_spongebob\client\default\x64\debug\ground2.obj
d:\task\dx11_3dportfolio_spongebob\client\default\x64\debug\ground.obj
d:\task\dx11_3dportfolio_spongebob\client\default\x64\debug\glowblue2.obj
d:\task\dx11_3dportfolio_spongebob\client\default\x64\debug\glowblue.obj
d:\task\dx11_3dportfolio_spongebob\client\default\x64\debug\gate.obj
d:\task\dx11_3dportfolio_spongebob\client\default\x64\debug\flower_ui.obj
d:\task\dx11_3dportfolio_spongebob\client\default\x64\debug\flowereffect.obj
d:\task\dx11_3dportfolio_spongebob\client\default\x64\debug\ring_top.obj
d:\task\dx11_3dportfolio_spongebob\client\default\x64\debug\ring_pillar.obj
d:\task\dx11_3dportfolio_spongebob\client\default\x64\debug\rainbow.obj
d:\task\dx11_3dportfolio_spongebob\client\default\x64\debug\pos_light.obj
d:\task\dx11_3dportfolio_spongebob\client\default\x64\debug\poster2.obj
d:\task\dx11_3dportfolio_spongebob\client\default\x64\debug\poster.obj
d:\task\dx11_3dportfolio_spongebob\client\default\x64\debug\poofeffect.obj
d:\task\dx11_3dportfolio_spongebob\client\default\x64\debug\player_slame.obj
d:\task\dx11_3dportfolio_spongebob\client\default\x64\debug\player.obj
d:\task\dx11_3dportfolio_spongebob\client\default\x64\debug\patrick_player.obj
d:\task\dx11_3dportfolio_spongebob\client\default\x64\debug\pangeffect.obj
d:\task\dx11_3dportfolio_spongebob\client\default\x64\debug\mymenu.obj
d:\task\dx11_3dportfolio_spongebob\client\default\x64\debug\menu_spongebob.obj
d:\task\dx11_3dportfolio_spongebob\client\default\x64\debug\menubar.obj
d:\task\dx11_3dportfolio_spongebob\client\default\x64\debug\man.obj
d:\task\dx11_3dportfolio_spongebob\client\default\x64\debug\mainapp.obj
d:\task\dx11_3dportfolio_spongebob\client\default\x64\debug\logo.obj
d:\task\dx11_3dportfolio_spongebob\client\default\x64\debug\loader.obj
d:\task\dx11_3dportfolio_spongebob\client\default\x64\debug\light_tube.obj
d:\task\dx11_3dportfolio_spongebob\client\default\x64\debug\light_cone_pink.obj
d:\task\dx11_3dportfolio_spongebob\client\default\x64\debug\stairs_02.obj
d:\task\dx11_3dportfolio_spongebob\client\default\x64\debug\squidward.obj
d:\task\dx11_3dportfolio_spongebob\client\default\x64\debug\spongebob_wand.obj
d:\task\dx11_3dportfolio_spongebob\client\default\x64\debug\spongebob_foot_l.obj
d:\task\dx11_3dportfolio_spongebob\client\default\x64\debug\spongebob.obj
d:\task\dx11_3dportfolio_spongebob\client\default\x64\debug\snadysmokeeffect.obj
d:\task\dx11_3dportfolio_spongebob\client\default\x64\debug\sm_pd_banner_01.obj
d:\task\dx11_3dportfolio_spongebob\client\default\x64\debug\smokeeffect2.obj
d:\task\dx11_3dportfolio_spongebob\client\default\x64\debug\skybox_poeisdom.obj
d:\task\dx11_3dportfolio_spongebob\client\default\x64\debug\scoreboard_ropes.obj
d:\task\dx11_3dportfolio_spongebob\client\default\x64\debug\scoreboard_broken.obj
d:\task\dx11_3dportfolio_spongebob\client\default\x64\debug\scoreboard.obj
d:\task\dx11_3dportfolio_spongebob\client\default\x64\debug\sandy_slame.obj
d:\task\dx11_3dportfolio_spongebob\client\default\x64\debug\smokeeffect.obj
d:\task\dx11_3dportfolio_spongebob\client\default\x64\debug\sky.obj
d:\task\dx11_3dportfolio_spongebob\client\default\x64\debug\rope_top_broken.obj
d:\task\dx11_3dportfolio_spongebob\client\default\x64\debug\rope_top.obj
d:\task\dx11_3dportfolio_spongebob\client\default\x64\debug\robo_3.obj
d:\task\dx11_3dportfolio_spongebob\client\default\x64\debug\robo_2.obj
d:\task\dx11_3dportfolio_spongebob\client\default\x64\debug\robo.obj
d:\task\dx11_3dportfolio_spongebob\client\default\x64\debug\client.obj
d:\task\dx11_3dportfolio_spongebob\client\default\x64\debug\underpants.obj
d:\task\dx11_3dportfolio_spongebob\client\default\x64\debug\underpangeffect.obj
d:\task\dx11_3dportfolio_spongebob\client\default\x64\debug\twinkleeffect.obj
d:\task\dx11_3dportfolio_spongebob\client\default\x64\debug\tree.obj
d:\task\dx11_3dportfolio_spongebob\client\default\x64\debug\terrain.obj
d:\task\dx11_3dportfolio_spongebob\client\default\x64\debug\taxistop.obj
d:\task\dx11_3dportfolio_spongebob\client\default\x64\debug\taxi.obj
d:\task\dx11_3dportfolio_spongebob\client\default\x64\debug\stairs_04.obj
d:\task\dx11_3dportfolio_spongebob\client\bin\shader_cell.cso
d:\task\dx11_3dportfolio_spongebob\client\bin\shader_deferred.cso
d:\task\dx11_3dportfolio_spongebob\client\bin\shader_point_instance.cso
d:\task\dx11_3dportfolio_spongebob\client\bin\shader_rect_instance.cso
d:\task\dx11_3dportfolio_spongebob\client\bin\shader_vtxanimmodel.cso
d:\task\dx11_3dportfolio_spongebob\client\bin\shader_vtxmodel.cso
d:\task\dx11_3dportfolio_spongebob\client\bin\shader_vtxnortex.cso
d:\task\dx11_3dportfolio_spongebob\client\bin\shader_vtxtex.cso
d:\task\dx11_3dportfolio_spongebob\client\default\x64\debug\client.res
d:\task\dx11_3dportfolio_spongebob\client\bin\client.pdb
d:\task\dx11_3dportfolio_spongebob\client\default\x64\debug\client.tlog\cl.command.1.tlog
d:\task\dx11_3dportfolio_spongebob\client\default\x64\debug\client.tlog\cl.read.1.tlog
d:\task\dx11_3dportfolio_spongebob\client\default\x64\debug\client.tlog\cl.write.1.tlog
d:\task\dx11_3dportfolio_spongebob\client\default\x64\debug\client.tlog\fxc.command.1.tlog
d:\task\dx11_3dportfolio_spongebob\client\default\x64\debug\client.tlog\fxc.read.1.tlog
d:\task\dx11_3dportfolio_spongebob\client\default\x64\debug\client.tlog\fxc.write.1.tlog
d:\task\dx11_3dportfolio_spongebob\client\default\x64\debug\client.tlog\link-cvtres.read.1.tlog
d:\task\dx11_3dportfolio_spongebob\client\default\x64\debug\client.tlog\link-cvtres.write.1.tlog
d:\task\dx11_3dportfolio_spongebob\client\default\x64\debug\client.tlog\link-rc.read.1.tlog
d:\task\dx11_3dportfolio_spongebob\client\default\x64\debug\client.tlog\link-rc.write.1.tlog
d:\task\dx11_3dportfolio_spongebob\client\default\x64\debug\client.tlog\link.command.1.tlog
d:\task\dx11_3dportfolio_spongebob\client\default\x64\debug\client.tlog\link.read.1.tlog
d:\task\dx11_3dportfolio_spongebob\client\default\x64\debug\client.tlog\link.read.2.tlog
d:\task\dx11_3dportfolio_spongebob\client\default\x64\debug\client.tlog\link.write.1.tlog
d:\task\dx11_3dportfolio_spongebob\client\default\x64\debug\client.tlog\rc.command.1.tlog
d:\task\dx11_3dportfolio_spongebob\client\default\x64\debug\client.tlog\rc.read.1.tlog
d:\task\dx11_3dportfolio_spongebob\client\default\x64\debug\client.tlog\rc.write.1.tlog
