d:\0923\spongebob\spongebob\engine\default\x64\debug\vc140.pdb
d:\0923\spongebob\spongebob\engine\default\x64\debug\vc140.idb
d:\0923\spongebob\spongebob\engine\default\x64\debug\object_manager.obj
d:\0923\spongebob\spongebob\engine\default\x64\debug\picking.obj
d:\0923\spongebob\spongebob\engine\default\x64\debug\pipeline.obj
d:\0923\spongebob\spongebob\engine\default\x64\debug\player_management.obj
d:\0923\spongebob\spongebob\engine\default\x64\debug\renderer.obj
d:\0923\spongebob\spongebob\engine\default\x64\debug\rendertarget.obj
d:\0923\spongebob\spongebob\engine\default\x64\debug\shader.obj
d:\0923\spongebob\spongebob\engine\default\x64\debug\target_manager.obj
d:\0923\spongebob\spongebob\engine\default\x64\debug\texture.obj
d:\0923\spongebob\spongebob\engine\default\x64\debug\timer.obj
d:\0923\spongebob\spongebob\engine\default\x64\debug\timer_manager.obj
d:\0923\spongebob\spongebob\engine\default\x64\debug\transform.obj
d:\0923\spongebob\spongebob\engine\default\x64\debug\vibuffer.obj
d:\0923\spongebob\spongebob\engine\default\x64\debug\vibuffer_cell.obj
d:\0923\spongebob\spongebob\engine\default\x64\debug\vibuffer_cube.obj
d:\0923\spongebob\spongebob\engine\default\x64\debug\vibuffer_point_instance.obj
d:\0923\spongebob\spongebob\engine\default\x64\debug\vibuffer_rect.obj
d:\0923\spongebob\spongebob\engine\default\x64\debug\vibuffer_rect_instance.obj
d:\0923\spongebob\spongebob\engine\default\x64\debug\vibuffer_terrain.obj
d:\0923\spongebob\spongebob\engine\default\x64\debug\engine_struct.obj
d:\0923\spongebob\spongebob\engine\default\x64\debug\culling.obj
d:\0923\spongebob\spongebob\engine\default\x64\debug\customfont.obj
d:\0923\spongebob\spongebob\engine\default\x64\debug\debugdraw.obj
d:\0923\spongebob\spongebob\engine\default\x64\debug\director_management.obj
d:\0923\spongebob\spongebob\engine\default\x64\debug\font_manager.obj
d:\0923\spongebob\spongebob\engine\default\x64\debug\frustum.obj
d:\0923\spongebob\spongebob\engine\default\x64\debug\gameinstance.obj
d:\0923\spongebob\spongebob\engine\default\x64\debug\gameobject.obj
d:\0923\spongebob\spongebob\engine\default\x64\debug\graphic_device.obj
d:\0923\spongebob\spongebob\engine\default\x64\debug\hierarchynode.obj
d:\0923\spongebob\spongebob\engine\default\x64\debug\hp_management.obj
d:\0923\spongebob\spongebob\engine\default\x64\debug\input_device.obj
d:\0923\spongebob\spongebob\engine\default\x64\debug\layer.obj
d:\0923\spongebob\spongebob\engine\default\x64\debug\level.obj
d:\0923\spongebob\spongebob\engine\default\x64\debug\level_manager.obj
d:\0923\spongebob\spongebob\engine\default\x64\debug\light.obj
d:\0923\spongebob\spongebob\engine\default\x64\debug\light_manager.obj
d:\0923\spongebob\spongebob\engine\default\x64\debug\meshcontainer.obj
d:\0923\spongebob\spongebob\engine\default\x64\debug\model.obj
d:\0923\spongebob\spongebob\engine\default\x64\debug\navigation.obj
d:\0923\spongebob\spongebob\engine\default\x64\debug\animation.obj
d:\0923\spongebob\spongebob\engine\default\x64\debug\base.obj
d:\0923\spongebob\spongebob\engine\default\x64\debug\camera.obj
d:\0923\spongebob\spongebob\engine\default\x64\debug\cell.obj
d:\0923\spongebob\spongebob\engine\default\x64\debug\channel.obj
d:\0923\spongebob\spongebob\engine\default\x64\debug\collider.obj
d:\0923\spongebob\spongebob\engine\default\x64\debug\component.obj
d:\0923\spongebob\spongebob\engine\default\x64\debug\component_manager.obj
d:\0923\spongebob\spongebob\engine\default\x64\debug\soundmgr.obj
d:\0923\spongebob\spongebob\engine\bin\engine.lib
d:\0923\spongebob\spongebob\engine\bin\engine.exp
d:\0923\spongebob\spongebob\engine\bin\engine.ilk
d:\0923\spongebob\spongebob\engine\bin\engine.dll
d:\0923\spongebob\spongebob\engine\bin\engine.pdb
d:\0923\spongebob\spongebob\engine\default\x64\debug\engine.tlog\cl.command.1.tlog
d:\0923\spongebob\spongebob\engine\default\x64\debug\engine.tlog\cl.read.1.tlog
d:\0923\spongebob\spongebob\engine\default\x64\debug\engine.tlog\cl.write.1.tlog
d:\0923\spongebob\spongebob\engine\default\x64\debug\engine.tlog\engine.write.1u.tlog
d:\0923\spongebob\spongebob\engine\default\x64\debug\engine.tlog\link.command.1.tlog
d:\0923\spongebob\spongebob\engine\default\x64\debug\engine.tlog\link.read.1.tlog
d:\0923\spongebob\spongebob\engine\default\x64\debug\engine.tlog\link.write.1.tlog
