  Big_Cloth.cpp
  Big_Pillar.cpp
  Big_Pillar_Attachment.cpp
  BossSandy_NonAnim.cpp
  Boss_HPBar.cpp
  Boss_HP_Energy.cpp
D:\aaa\SpongeBob (4)\SpongeBob\Tool\Private\Boss_HP_Energy.cpp(75,34): warning C4244: '인수': 'Engine::_float'에서 'int'(으)로 변환하면서 데이터가 손실될 수 있습니다.
  Boss_Sandy.cpp
  Boss_Sandy_Body.cpp
  Bubble.cpp
  Camera_DirectorMesh.cpp
  Camera_Free.cpp
  Cube.cpp
  Disable_Exit.cpp
D:\aaa\SpongeBob (4)\SpongeBob\Tool\Private\Disable_Exit.cpp(75,34): warning C4244: '인수': 'Engine::_float'에서 'int'(으)로 변환하면서 데이터가 손실될 수 있습니다.
  Disable_Geme_Start.cpp
D:\aaa\SpongeBob (4)\SpongeBob\Tool\Private\Disable_Geme_Start.cpp(75,34): warning C4244: '인수': 'Engine::_float'에서 'int'(으)로 변환하면서 데이터가 손실될 수 있습니다.
  Field.cpp
  Fish_A.cpp
  Fish_B.cpp
  Fish_C.cpp
  Fish_D.cpp
  Fish_E.cpp
  코드를 생성하고 있습니다...
D:\aaa\SpongeBob (4)\SpongeBob\Tool\Private\Boss_Sandy.cpp(124): warning C4715: 'Tool::CBoss_Sandy::Render': 모든 제어 경로에서 값을 반환하지는 않습니다.
  컴파일하고 있습니다...
  Fish_G.cpp
  Fish_H.cpp
  Fish_I.cpp
  Fish_J.cpp
  Fish_K.cpp
  Fish_L.cpp
  Gate.cpp
  GrassInstance.cpp
  Ground.cpp
  Ground2.cpp
  Imgui_Manager.cpp
  Jelly_Blue.cpp
  Jelly_Pink.cpp
  King_NonAnim.cpp
  Level_Terrain.cpp
  Level_UI.cpp
D:\aaa\SpongeBob (4)\SpongeBob\Tool\Private\Level_UI.cpp(176,30): warning C4244: '=': 'LONG'에서 'float'(으)로 변환하면서 데이터가 손실될 수 있습니다.
D:\aaa\SpongeBob (4)\SpongeBob\Tool\Private\Level_UI.cpp(177,30): warning C4244: '=': 'LONG'에서 'float'(으)로 변환하면서 데이터가 손실될 수 있습니다.
D:\aaa\SpongeBob (4)\SpongeBob\Tool\Private\Level_UI.cpp(366,56): warning C4244: '=': 'Engine::_float'에서 'Engine::_uint'(으)로 변환하면서 데이터가 손실될 수 있습니다.
  Level_Animation.cpp
D:\aaa\SpongeBob (4)\SpongeBob\Tool\Private\Level_Animation.cpp(296,35): warning C4805: '==': 연산에 'BOOL' 형식과 'bool' 형식을 함께 사용하는 것은 안전하지 않습니다.
D:\aaa\SpongeBob (4)\SpongeBob\Tool\Private\Level_Animation.cpp(330,35): warning C4805: '==': 연산에 'BOOL' 형식과 'bool' 형식을 함께 사용하는 것은 안전하지 않습니다.
D:\aaa\SpongeBob (4)\SpongeBob\Tool\Private\Level_Animation.cpp(432,36): warning C4805: '==': 연산에 'BOOL' 형식과 'bool' 형식을 함께 사용하는 것은 안전하지 않습니다.
D:\aaa\SpongeBob (4)\SpongeBob\Tool\Private\Level_Animation.cpp(467,36): warning C4805: '==': 연산에 'BOOL' 형식과 'bool' 형식을 함께 사용하는 것은 안전하지 않습니다.
  Light_Cone_Blue.cpp
D:\aaa\SpongeBob (4)\SpongeBob\Tool\Private\Light_Cone_Blue.cpp(47,19): warning C4305: '=': 'double'에서 'Engine::_float'(으)로 잘립니다.
D:\aaa\SpongeBob (4)\SpongeBob\Tool\Private\Light_Cone_Blue.cpp(53,20): warning C4305: '=': 'double'에서 'Engine::_float'(으)로 잘립니다.
  Light_Cone_Blue2.cpp
  Light_Cone_Green.cpp
D:\aaa\SpongeBob (4)\SpongeBob\Tool\Private\Light_Cone_Green.cpp(42,20): warning C4305: '=': 'double'에서 'Engine::_float'(으)로 잘립니다.
D:\aaa\SpongeBob (4)\SpongeBob\Tool\Private\Light_Cone_Green.cpp(48,21): warning C4305: '=': 'double'에서 'Engine::_float'(으)로 잘립니다.
  코드를 생성하고 있습니다...
D:\aaa\SpongeBob (4)\SpongeBob\Tool\Private\Level_UI.cpp(432): warning C4715: 'Tool::CLevel_UI::Load': 모든 제어 경로에서 값을 반환하지는 않습니다.
  컴파일하고 있습니다...
  Light_Cone_Pink.cpp
D:\aaa\SpongeBob (4)\SpongeBob\Tool\Private\Light_Cone_Pink.cpp(42,19): warning C4305: '=': 'double'에서 'Engine::_float'(으)로 잘립니다.
D:\aaa\SpongeBob (4)\SpongeBob\Tool\Private\Light_Cone_Pink.cpp(48,20): warning C4305: '=': 'double'에서 'Engine::_float'(으)로 잘립니다.
  Light_Cone_Yellow.cpp
  Man.cpp
  MenuBar.cpp
  Patrick.cpp
  Patrick_NonAnim.cpp
  Poster.cpp
  Poster2.cpp
  Pos_Light.cpp
  Light_Tube.cpp
  MainTool.cpp
  Ring_Pillar.cpp
  Ring_Top.cpp
  Robo.cpp
  Robo2.cpp
  Robo3.cpp
  Rope_Top.cpp
  Scoreboard.cpp
  Scoreboard_Broken.cpp
  Scoreboard_Ropes.cpp
  코드를 생성하고 있습니다...
  컴파일하고 있습니다...
  SM_Light_Cone_02.cpp
  SM_PD_Banner_01.cpp
  SpongeBob.cpp
  SpongeBob_NonAnim.cpp
  Squidward.cpp
  Stairs_02.cpp
  Stairs_04.cpp
  Taxi.cpp
  Terrain.cpp
  TerrainManager.cpp
D:\aaa\SpongeBob (4)\SpongeBob\Tool\Private\TerrainManager.cpp(652,13): warning C4244: '초기화 중': 'double'에서 'int'(으)로 변환하면서 데이터가 손실될 수 있습니다.
D:\aaa\SpongeBob (4)\SpongeBob\Tool\Private\TerrainManager.cpp(1459,21): warning C4018: '<': signed 또는 unsigned가 일치하지 않습니다.
D:\aaa\SpongeBob (4)\SpongeBob\Tool\Private\TerrainManager.cpp(1531,15): warning C4244: '초기화 중': 'float'에서 'int'(으)로 변환하면서 데이터가 손실될 수 있습니다.
D:\aaa\SpongeBob (4)\SpongeBob\Tool\Private\TerrainManager.cpp(1753,26): warning C4305: '+=': 'double'에서 'Engine::_float'(으)로 잘립니다.
D:\aaa\SpongeBob (4)\SpongeBob\Tool\Private\TerrainManager.cpp(1754,49): warning C4305: '인수': 'double'에서 'Engine::_float'(으)로 잘립니다.
D:\aaa\SpongeBob (4)\SpongeBob\Tool\Private\TerrainManager.cpp(1759,25): warning C4305: '+=': 'double'에서 'Engine::_float'(으)로 잘립니다.
D:\aaa\SpongeBob (4)\SpongeBob\Tool\Private\TerrainManager.cpp(1760,48): warning C4305: '인수': 'double'에서 'Engine::_float'(으)로 잘립니다.
D:\aaa\SpongeBob (4)\SpongeBob\Tool\Private\TerrainManager.cpp(2435,79): warning C4267: '인수': 'size_t'에서 'int'(으)로 변환하면서 데이터가 손실될 수 있습니다.
D:\aaa\SpongeBob (4)\SpongeBob\Tool\Private\TerrainManager.cpp(2690,23): warning C4018: '<': signed 또는 unsigned가 일치하지 않습니다.
  Tree.cpp
  Underpants.cpp
D:\aaa\SpongeBob (4)\SpongeBob\Tool\Private\Underpants.cpp(76,34): warning C4244: '인수': 'Engine::_float'에서 'int'(으)로 변환하면서 데이터가 손실될 수 있습니다.
  imgui.cpp
  imgui_demo.cpp
  imgui_draw.cpp
  imgui_impl_dx11.cpp
  imgui_impl_win32.cpp
  imgui_tables.cpp
  imgui_widgets.cpp
  main.cpp
  코드를 생성하고 있습니다...
D:\aaa\SpongeBob (4)\SpongeBob\Tool\Private\TerrainManager.cpp(1523): warning C4715: 'Tool::CTerrainManager::Picking': 모든 제어 경로에서 값을 반환하지는 않습니다.
  Tool.vcxproj -> D:\aaa\SpongeBob (4)\SpongeBob\Tool\Bin\Tool.exe
