d:\aaa\spongebob (4)\spongebob\tool\default\x64\debug\vc143.pdb
d:\aaa\spongebob (4)\spongebob\tool\default\x64\debug\vc143.idb
d:\aaa\spongebob (4)\spongebob\tool\default\x64\debug\fish_e.obj
d:\aaa\spongebob (4)\spongebob\tool\default\x64\debug\fish_d.obj
d:\aaa\spongebob (4)\spongebob\tool\default\x64\debug\fish_c.obj
d:\aaa\spongebob (4)\spongebob\tool\default\x64\debug\fish_b.obj
d:\aaa\spongebob (4)\spongebob\tool\default\x64\debug\fish_a.obj
d:\aaa\spongebob (4)\spongebob\tool\default\x64\debug\field.obj
d:\aaa\spongebob (4)\spongebob\tool\default\x64\debug\disable_geme_start.obj
d:\aaa\spongebob (4)\spongebob\tool\default\x64\debug\disable_exit.obj
d:\aaa\spongebob (4)\spongebob\tool\default\x64\debug\cube.obj
d:\aaa\spongebob (4)\spongebob\tool\default\x64\debug\camera_free.obj
d:\aaa\spongebob (4)\spongebob\tool\default\x64\debug\camera_directormesh.obj
d:\aaa\spongebob (4)\spongebob\tool\default\x64\debug\bubble.obj
d:\aaa\spongebob (4)\spongebob\tool\default\x64\debug\boss_sandy_body.obj
d:\aaa\spongebob (4)\spongebob\tool\default\x64\debug\boss_sandy.obj
d:\aaa\spongebob (4)\spongebob\tool\default\x64\debug\boss_hp_energy.obj
d:\aaa\spongebob (4)\spongebob\tool\default\x64\debug\boss_hpbar.obj
d:\aaa\spongebob (4)\spongebob\tool\default\x64\debug\bosssandy_nonanim.obj
d:\aaa\spongebob (4)\spongebob\tool\default\x64\debug\big_pillar_attachment.obj
d:\aaa\spongebob (4)\spongebob\tool\default\x64\debug\big_pillar.obj
d:\aaa\spongebob (4)\spongebob\tool\default\x64\debug\big_cloth.obj
d:\aaa\spongebob (4)\spongebob\tool\default\x64\debug\light_cone_green.obj
d:\aaa\spongebob (4)\spongebob\tool\default\x64\debug\light_cone_blue2.obj
d:\aaa\spongebob (4)\spongebob\tool\default\x64\debug\light_cone_blue.obj
d:\aaa\spongebob (4)\spongebob\tool\default\x64\debug\level_ui.obj
d:\aaa\spongebob (4)\spongebob\tool\default\x64\debug\level_terrain.obj
d:\aaa\spongebob (4)\spongebob\tool\default\x64\debug\level_animation.obj
d:\aaa\spongebob (4)\spongebob\tool\default\x64\debug\king_nonanim.obj
d:\aaa\spongebob (4)\spongebob\tool\default\x64\debug\jelly_pink.obj
d:\aaa\spongebob (4)\spongebob\tool\default\x64\debug\jelly_blue.obj
d:\aaa\spongebob (4)\spongebob\tool\default\x64\debug\imgui_manager.obj
d:\aaa\spongebob (4)\spongebob\tool\default\x64\debug\ground2.obj
d:\aaa\spongebob (4)\spongebob\tool\default\x64\debug\ground.obj
d:\aaa\spongebob (4)\spongebob\tool\default\x64\debug\grassinstance.obj
d:\aaa\spongebob (4)\spongebob\tool\default\x64\debug\gate.obj
d:\aaa\spongebob (4)\spongebob\tool\default\x64\debug\fish_l.obj
d:\aaa\spongebob (4)\spongebob\tool\default\x64\debug\fish_k.obj
d:\aaa\spongebob (4)\spongebob\tool\default\x64\debug\fish_j.obj
d:\aaa\spongebob (4)\spongebob\tool\default\x64\debug\fish_i.obj
d:\aaa\spongebob (4)\spongebob\tool\default\x64\debug\fish_h.obj
d:\aaa\spongebob (4)\spongebob\tool\default\x64\debug\fish_g.obj
d:\aaa\spongebob (4)\spongebob\tool\default\x64\debug\scoreboard.obj
d:\aaa\spongebob (4)\spongebob\tool\default\x64\debug\sm_pd_banner_01.obj
d:\aaa\spongebob (4)\spongebob\tool\default\x64\debug\sm_light_cone_02.obj
d:\aaa\spongebob (4)\spongebob\tool\default\x64\debug\rope_top.obj
d:\aaa\spongebob (4)\spongebob\tool\default\x64\debug\robo3.obj
d:\aaa\spongebob (4)\spongebob\tool\default\x64\debug\robo2.obj
d:\aaa\spongebob (4)\spongebob\tool\default\x64\debug\robo.obj
d:\aaa\spongebob (4)\spongebob\tool\default\x64\debug\ring_top.obj
d:\aaa\spongebob (4)\spongebob\tool\default\x64\debug\ring_pillar.obj
d:\aaa\spongebob (4)\spongebob\tool\default\x64\debug\poster2.obj
d:\aaa\spongebob (4)\spongebob\tool\default\x64\debug\poster.obj
d:\aaa\spongebob (4)\spongebob\tool\default\x64\debug\pos_light.obj
d:\aaa\spongebob (4)\spongebob\tool\default\x64\debug\patrick_nonanim.obj
d:\aaa\spongebob (4)\spongebob\tool\default\x64\debug\patrick.obj
d:\aaa\spongebob (4)\spongebob\tool\default\x64\debug\menubar.obj
d:\aaa\spongebob (4)\spongebob\tool\default\x64\debug\man.obj
d:\aaa\spongebob (4)\spongebob\tool\default\x64\debug\maintool.obj
d:\aaa\spongebob (4)\spongebob\tool\default\x64\debug\light_tube.obj
d:\aaa\spongebob (4)\spongebob\tool\default\x64\debug\light_cone_yellow.obj
d:\aaa\spongebob (4)\spongebob\tool\default\x64\debug\light_cone_pink.obj
d:\aaa\spongebob (4)\spongebob\tool\default\x64\debug\main.obj
d:\aaa\spongebob (4)\spongebob\tool\default\x64\debug\imgui_widgets.obj
d:\aaa\spongebob (4)\spongebob\tool\default\x64\debug\imgui_tables.obj
d:\aaa\spongebob (4)\spongebob\tool\default\x64\debug\imgui_impl_win32.obj
d:\aaa\spongebob (4)\spongebob\tool\default\x64\debug\imgui_impl_dx11.obj
d:\aaa\spongebob (4)\spongebob\tool\default\x64\debug\imgui_draw.obj
d:\aaa\spongebob (4)\spongebob\tool\default\x64\debug\imgui_demo.obj
d:\aaa\spongebob (4)\spongebob\tool\default\x64\debug\imgui.obj
d:\aaa\spongebob (4)\spongebob\tool\default\x64\debug\underpants.obj
d:\aaa\spongebob (4)\spongebob\tool\default\x64\debug\tree.obj
d:\aaa\spongebob (4)\spongebob\tool\default\x64\debug\terrain.obj
d:\aaa\spongebob (4)\spongebob\tool\default\x64\debug\taxi.obj
d:\aaa\spongebob (4)\spongebob\tool\default\x64\debug\stairs_04.obj
d:\aaa\spongebob (4)\spongebob\tool\default\x64\debug\stairs_02.obj
d:\aaa\spongebob (4)\spongebob\tool\default\x64\debug\squidward.obj
d:\aaa\spongebob (4)\spongebob\tool\default\x64\debug\spongebob_nonanim.obj
d:\aaa\spongebob (4)\spongebob\tool\default\x64\debug\spongebob.obj
d:\aaa\spongebob (4)\spongebob\tool\default\x64\debug\scoreboard_ropes.obj
d:\aaa\spongebob (4)\spongebob\tool\default\x64\debug\scoreboard_broken.obj
d:\aaa\spongebob (4)\spongebob\tool\default\x64\debug\terrainmanager.obj
d:\aaa\spongebob (4)\spongebob\tool\default\x64\debug\tool.ilk
d:\aaa\spongebob (4)\spongebob\tool\bin\tool.exe
d:\aaa\spongebob (4)\spongebob\tool\bin\tool.pdb
d:\aaa\spongebob (4)\spongebob\tool\default\x64\debug\terrainmanager.obj.enc
d:\aaa\spongebob (4)\spongebob\tool\default\x64\debug\vc140.idb
d:\aaa\spongebob (4)\spongebob\tool\default\x64\debug\vc140.pdb
d:\aaa\spongebob (4)\spongebob\tool\bin\tool.ilk
d:\aaa\spongebob (4)\spongebob\tool\default\x64\debug\tool.tlog\cl.command.1.tlog
d:\aaa\spongebob (4)\spongebob\tool\default\x64\debug\tool.tlog\cl.read.1.tlog
d:\aaa\spongebob (4)\spongebob\tool\default\x64\debug\tool.tlog\cl.write.1.tlog
d:\aaa\spongebob (4)\spongebob\tool\default\x64\debug\tool.tlog\link.command.1.tlog
d:\aaa\spongebob (4)\spongebob\tool\default\x64\debug\tool.tlog\link.read.1.tlog
d:\aaa\spongebob (4)\spongebob\tool\default\x64\debug\tool.tlog\link.write.1.tlog
