  Big_Cloth.cpp
d:\1_jusin\spongebobgame\선형보간덜된듯_2\광원넣음\진짜로마지막시네마틱넣기전\spongebob\tool\public\Tool_Defines.h(4): fatal error C1083: 포함 파일을 열 수 없습니다. 'imgui.h': No such file or directory
  Big_Pillar.cpp
d:\1_jusin\spongebobgame\선형보간덜된듯_2\광원넣음\진짜로마지막시네마틱넣기전\spongebob\tool\public\Tool_Defines.h(4): fatal error C1083: 포함 파일을 열 수 없습니다. 'imgui.h': No such file or directory
  Big_Pillar_Attachment.cpp
d:\1_jusin\spongebobgame\선형보간덜된듯_2\광원넣음\진짜로마지막시네마틱넣기전\spongebob\tool\public\Tool_Defines.h(4): fatal error C1083: 포함 파일을 열 수 없습니다. 'imgui.h': No such file or directory
  BossSandy_NonAnim.cpp
d:\1_jusin\spongebobgame\선형보간덜된듯_2\광원넣음\진짜로마지막시네마틱넣기전\spongebob\tool\public\Tool_Defines.h(4): fatal error C1083: 포함 파일을 열 수 없습니다. 'imgui.h': No such file or directory
  Boss_HPBar.cpp
d:\1_jusin\spongebobgame\선형보간덜된듯_2\광원넣음\진짜로마지막시네마틱넣기전\spongebob\tool\public\Tool_Defines.h(4): fatal error C1083: 포함 파일을 열 수 없습니다. 'imgui.h': No such file or directory
  Boss_HP_Energy.cpp
d:\1_jusin\spongebobgame\선형보간덜된듯_2\광원넣음\진짜로마지막시네마틱넣기전\spongebob\tool\public\Tool_Defines.h(4): fatal error C1083: 포함 파일을 열 수 없습니다. 'imgui.h': No such file or directory
  Boss_Sandy.cpp
d:\1_jusin\spongebobgame\선형보간덜된듯_2\광원넣음\진짜로마지막시네마틱넣기전\spongebob\tool\public\Tool_Defines.h(4): fatal error C1083: 포함 파일을 열 수 없습니다. 'imgui.h': No such file or directory
  Boss_Sandy_Body.cpp
d:\1_jusin\spongebobgame\선형보간덜된듯_2\광원넣음\진짜로마지막시네마틱넣기전\spongebob\tool\public\Tool_Defines.h(4): fatal error C1083: 포함 파일을 열 수 없습니다. 'imgui.h': No such file or directory
  Bubble.cpp
d:\1_jusin\spongebobgame\선형보간덜된듯_2\광원넣음\진짜로마지막시네마틱넣기전\spongebob\tool\public\Tool_Defines.h(4): fatal error C1083: 포함 파일을 열 수 없습니다. 'imgui.h': No such file or directory
  Camera_DirectorMesh.cpp
d:\1_jusin\spongebobgame\선형보간덜된듯_2\광원넣음\진짜로마지막시네마틱넣기전\spongebob\tool\public\Tool_Defines.h(4): fatal error C1083: 포함 파일을 열 수 없습니다. 'imgui.h': No such file or directory
  Camera_Free.cpp
d:\1_jusin\spongebobgame\선형보간덜된듯_2\광원넣음\진짜로마지막시네마틱넣기전\spongebob\tool\public\Tool_Defines.h(4): fatal error C1083: 포함 파일을 열 수 없습니다. 'imgui.h': No such file or directory
  Cube.cpp
d:\1_jusin\spongebobgame\선형보간덜된듯_2\광원넣음\진짜로마지막시네마틱넣기전\spongebob\tool\public\Tool_Defines.h(4): fatal error C1083: 포함 파일을 열 수 없습니다. 'imgui.h': No such file or directory
  Disable_Exit.cpp
d:\1_jusin\spongebobgame\선형보간덜된듯_2\광원넣음\진짜로마지막시네마틱넣기전\spongebob\tool\public\Tool_Defines.h(4): fatal error C1083: 포함 파일을 열 수 없습니다. 'imgui.h': No such file or directory
  Disable_Geme_Start.cpp
d:\1_jusin\spongebobgame\선형보간덜된듯_2\광원넣음\진짜로마지막시네마틱넣기전\spongebob\tool\public\Tool_Defines.h(4): fatal error C1083: 포함 파일을 열 수 없습니다. 'imgui.h': No such file or directory
  Fish_A.cpp
d:\1_jusin\spongebobgame\선형보간덜된듯_2\광원넣음\진짜로마지막시네마틱넣기전\spongebob\tool\public\Tool_Defines.h(4): fatal error C1083: 포함 파일을 열 수 없습니다. 'imgui.h': No such file or directory
  Fish_B.cpp
d:\1_jusin\spongebobgame\선형보간덜된듯_2\광원넣음\진짜로마지막시네마틱넣기전\spongebob\tool\public\Tool_Defines.h(4): fatal error C1083: 포함 파일을 열 수 없습니다. 'imgui.h': No such file or directory
  Fish_C.cpp
d:\1_jusin\spongebobgame\선형보간덜된듯_2\광원넣음\진짜로마지막시네마틱넣기전\spongebob\tool\public\Tool_Defines.h(4): fatal error C1083: 포함 파일을 열 수 없습니다. 'imgui.h': No such file or directory
  Fish_D.cpp
d:\1_jusin\spongebobgame\선형보간덜된듯_2\광원넣음\진짜로마지막시네마틱넣기전\spongebob\tool\public\Tool_Defines.h(4): fatal error C1083: 포함 파일을 열 수 없습니다. 'imgui.h': No such file or directory
  Fish_E.cpp
d:\1_jusin\spongebobgame\선형보간덜된듯_2\광원넣음\진짜로마지막시네마틱넣기전\spongebob\tool\public\Tool_Defines.h(4): fatal error C1083: 포함 파일을 열 수 없습니다. 'imgui.h': No such file or directory
  Fish_G.cpp
d:\1_jusin\spongebobgame\선형보간덜된듯_2\광원넣음\진짜로마지막시네마틱넣기전\spongebob\tool\public\Tool_Defines.h(4): fatal error C1083: 포함 파일을 열 수 없습니다. 'imgui.h': No such file or directory
  컴파일하고 있습니다...
  Fish_H.cpp
d:\1_jusin\spongebobgame\선형보간덜된듯_2\광원넣음\진짜로마지막시네마틱넣기전\spongebob\tool\public\Tool_Defines.h(4): fatal error C1083: 포함 파일을 열 수 없습니다. 'imgui.h': No such file or directory
  Fish_I.cpp
d:\1_jusin\spongebobgame\선형보간덜된듯_2\광원넣음\진짜로마지막시네마틱넣기전\spongebob\tool\public\Tool_Defines.h(4): fatal error C1083: 포함 파일을 열 수 없습니다. 'imgui.h': No such file or directory
  Fish_J.cpp
d:\1_jusin\spongebobgame\선형보간덜된듯_2\광원넣음\진짜로마지막시네마틱넣기전\spongebob\tool\public\Tool_Defines.h(4): fatal error C1083: 포함 파일을 열 수 없습니다. 'imgui.h': No such file or directory
  Fish_K.cpp
d:\1_jusin\spongebobgame\선형보간덜된듯_2\광원넣음\진짜로마지막시네마틱넣기전\spongebob\tool\public\Tool_Defines.h(4): fatal error C1083: 포함 파일을 열 수 없습니다. 'imgui.h': No such file or directory
  Fish_L.cpp
d:\1_jusin\spongebobgame\선형보간덜된듯_2\광원넣음\진짜로마지막시네마틱넣기전\spongebob\tool\public\Tool_Defines.h(4): fatal error C1083: 포함 파일을 열 수 없습니다. 'imgui.h': No such file or directory
  Ground.cpp
d:\1_jusin\spongebobgame\선형보간덜된듯_2\광원넣음\진짜로마지막시네마틱넣기전\spongebob\tool\public\Tool_Defines.h(4): fatal error C1083: 포함 파일을 열 수 없습니다. 'imgui.h': No such file or directory
  Ground2.cpp
d:\1_jusin\spongebobgame\선형보간덜된듯_2\광원넣음\진짜로마지막시네마틱넣기전\spongebob\tool\public\Tool_Defines.h(4): fatal error C1083: 포함 파일을 열 수 없습니다. 'imgui.h': No such file or directory
  Imgui_Manager.cpp
d:\1_jusin\spongebobgame\선형보간덜된듯_2\광원넣음\진짜로마지막시네마틱넣기전\spongebob\tool\public\Tool_Defines.h(4): fatal error C1083: 포함 파일을 열 수 없습니다. 'imgui.h': No such file or directory
  King_NonAnim.cpp
d:\1_jusin\spongebobgame\선형보간덜된듯_2\광원넣음\진짜로마지막시네마틱넣기전\spongebob\tool\public\Tool_Defines.h(4): fatal error C1083: 포함 파일을 열 수 없습니다. 'imgui.h': No such file or directory
  Level_Terrain.cpp
d:\1_jusin\spongebobgame\선형보간덜된듯_2\광원넣음\진짜로마지막시네마틱넣기전\spongebob\tool\public\Tool_Defines.h(4): fatal error C1083: 포함 파일을 열 수 없습니다. 'imgui.h': No such file or directory
  Level_UI.cpp
d:\1_jusin\spongebobgame\선형보간덜된듯_2\광원넣음\진짜로마지막시네마틱넣기전\spongebob\tool\public\Tool_Defines.h(4): fatal error C1083: 포함 파일을 열 수 없습니다. 'imgui.h': No such file or directory
  Level_Animation.cpp
d:\1_jusin\spongebobgame\선형보간덜된듯_2\광원넣음\진짜로마지막시네마틱넣기전\spongebob\tool\public\Tool_Defines.h(4): fatal error C1083: 포함 파일을 열 수 없습니다. 'imgui.h': No such file or directory
  Light_Cone_Blue.cpp
d:\1_jusin\spongebobgame\선형보간덜된듯_2\광원넣음\진짜로마지막시네마틱넣기전\spongebob\tool\public\Tool_Defines.h(4): fatal error C1083: 포함 파일을 열 수 없습니다. 'imgui.h': No such file or directory
  Light_Cone_Blue2.cpp
d:\1_jusin\spongebobgame\선형보간덜된듯_2\광원넣음\진짜로마지막시네마틱넣기전\spongebob\tool\public\Tool_Defines.h(4): fatal error C1083: 포함 파일을 열 수 없습니다. 'imgui.h': No such file or directory
  Light_Cone_Green.cpp
d:\1_jusin\spongebobgame\선형보간덜된듯_2\광원넣음\진짜로마지막시네마틱넣기전\spongebob\tool\public\Tool_Defines.h(4): fatal error C1083: 포함 파일을 열 수 없습니다. 'imgui.h': No such file or directory
  Light_Cone_Pink.cpp
d:\1_jusin\spongebobgame\선형보간덜된듯_2\광원넣음\진짜로마지막시네마틱넣기전\spongebob\tool\public\Tool_Defines.h(4): fatal error C1083: 포함 파일을 열 수 없습니다. 'imgui.h': No such file or directory
  Light_Cone_Yellow.cpp
d:\1_jusin\spongebobgame\선형보간덜된듯_2\광원넣음\진짜로마지막시네마틱넣기전\spongebob\tool\public\Tool_Defines.h(4): fatal error C1083: 포함 파일을 열 수 없습니다. 'imgui.h': No such file or directory
  MenuBar.cpp
d:\1_jusin\spongebobgame\선형보간덜된듯_2\광원넣음\진짜로마지막시네마틱넣기전\spongebob\tool\public\Tool_Defines.h(4): fatal error C1083: 포함 파일을 열 수 없습니다. 'imgui.h': No such file or directory
  Patrick.cpp
d:\1_jusin\spongebobgame\선형보간덜된듯_2\광원넣음\진짜로마지막시네마틱넣기전\spongebob\tool\public\Tool_Defines.h(4): fatal error C1083: 포함 파일을 열 수 없습니다. 'imgui.h': No such file or directory
  Patrick_NonAnim.cpp
d:\1_jusin\spongebobgame\선형보간덜된듯_2\광원넣음\진짜로마지막시네마틱넣기전\spongebob\tool\public\Tool_Defines.h(4): fatal error C1083: 포함 파일을 열 수 없습니다. 'imgui.h': No such file or directory
  컴파일하고 있습니다...
  Poster.cpp
d:\1_jusin\spongebobgame\선형보간덜된듯_2\광원넣음\진짜로마지막시네마틱넣기전\spongebob\tool\public\Tool_Defines.h(4): fatal error C1083: 포함 파일을 열 수 없습니다. 'imgui.h': No such file or directory
  Poster2.cpp
d:\1_jusin\spongebobgame\선형보간덜된듯_2\광원넣음\진짜로마지막시네마틱넣기전\spongebob\tool\public\Tool_Defines.h(4): fatal error C1083: 포함 파일을 열 수 없습니다. 'imgui.h': No such file or directory
  Pos_Light.cpp
d:\1_jusin\spongebobgame\선형보간덜된듯_2\광원넣음\진짜로마지막시네마틱넣기전\spongebob\tool\public\Tool_Defines.h(4): fatal error C1083: 포함 파일을 열 수 없습니다. 'imgui.h': No such file or directory
  Light_Tube.cpp
d:\1_jusin\spongebobgame\선형보간덜된듯_2\광원넣음\진짜로마지막시네마틱넣기전\spongebob\tool\public\Tool_Defines.h(4): fatal error C1083: 포함 파일을 열 수 없습니다. 'imgui.h': No such file or directory
  MainTool.cpp
d:\1_jusin\spongebobgame\선형보간덜된듯_2\광원넣음\진짜로마지막시네마틱넣기전\spongebob\tool\public\Tool_Defines.h(4): fatal error C1083: 포함 파일을 열 수 없습니다. 'imgui.h': No such file or directory
  Ring_Pillar.cpp
d:\1_jusin\spongebobgame\선형보간덜된듯_2\광원넣음\진짜로마지막시네마틱넣기전\spongebob\tool\public\Tool_Defines.h(4): fatal error C1083: 포함 파일을 열 수 없습니다. 'imgui.h': No such file or directory
  Ring_Top.cpp
d:\1_jusin\spongebobgame\선형보간덜된듯_2\광원넣음\진짜로마지막시네마틱넣기전\spongebob\tool\public\Tool_Defines.h(4): fatal error C1083: 포함 파일을 열 수 없습니다. 'imgui.h': No such file or directory
  Rope_Top.cpp
d:\1_jusin\spongebobgame\선형보간덜된듯_2\광원넣음\진짜로마지막시네마틱넣기전\spongebob\tool\public\Tool_Defines.h(4): fatal error C1083: 포함 파일을 열 수 없습니다. 'imgui.h': No such file or directory
  Scoreboard.cpp
d:\1_jusin\spongebobgame\선형보간덜된듯_2\광원넣음\진짜로마지막시네마틱넣기전\spongebob\tool\public\Tool_Defines.h(4): fatal error C1083: 포함 파일을 열 수 없습니다. 'imgui.h': No such file or directory
  Scoreboard_Broken.cpp
d:\1_jusin\spongebobgame\선형보간덜된듯_2\광원넣음\진짜로마지막시네마틱넣기전\spongebob\tool\public\Tool_Defines.h(4): fatal error C1083: 포함 파일을 열 수 없습니다. 'imgui.h': No such file or directory
  Scoreboard_Ropes.cpp
d:\1_jusin\spongebobgame\선형보간덜된듯_2\광원넣음\진짜로마지막시네마틱넣기전\spongebob\tool\public\Tool_Defines.h(4): fatal error C1083: 포함 파일을 열 수 없습니다. 'imgui.h': No such file or directory
  SM_Light_Cone_02.cpp
d:\1_jusin\spongebobgame\선형보간덜된듯_2\광원넣음\진짜로마지막시네마틱넣기전\spongebob\tool\public\Tool_Defines.h(4): fatal error C1083: 포함 파일을 열 수 없습니다. 'imgui.h': No such file or directory
  SM_PD_Banner_01.cpp
d:\1_jusin\spongebobgame\선형보간덜된듯_2\광원넣음\진짜로마지막시네마틱넣기전\spongebob\tool\public\Tool_Defines.h(4): fatal error C1083: 포함 파일을 열 수 없습니다. 'imgui.h': No such file or directory
  SpongeBob.cpp
d:\1_jusin\spongebobgame\선형보간덜된듯_2\광원넣음\진짜로마지막시네마틱넣기전\spongebob\tool\public\Tool_Defines.h(4): fatal error C1083: 포함 파일을 열 수 없습니다. 'imgui.h': No such file or directory
  SpongeBob_NonAnim.cpp
d:\1_jusin\spongebobgame\선형보간덜된듯_2\광원넣음\진짜로마지막시네마틱넣기전\spongebob\tool\public\Tool_Defines.h(4): fatal error C1083: 포함 파일을 열 수 없습니다. 'imgui.h': No such file or directory
  Stairs_02.cpp
d:\1_jusin\spongebobgame\선형보간덜된듯_2\광원넣음\진짜로마지막시네마틱넣기전\spongebob\tool\public\Tool_Defines.h(4): fatal error C1083: 포함 파일을 열 수 없습니다. 'imgui.h': No such file or directory
  Stairs_04.cpp
d:\1_jusin\spongebobgame\선형보간덜된듯_2\광원넣음\진짜로마지막시네마틱넣기전\spongebob\tool\public\Tool_Defines.h(4): fatal error C1083: 포함 파일을 열 수 없습니다. 'imgui.h': No such file or directory
  Terrain.cpp
d:\1_jusin\spongebobgame\선형보간덜된듯_2\광원넣음\진짜로마지막시네마틱넣기전\spongebob\tool\public\Tool_Defines.h(4): fatal error C1083: 포함 파일을 열 수 없습니다. 'imgui.h': No such file or directory
  TerrainManager.cpp
d:\1_jusin\spongebobgame\선형보간덜된듯_2\광원넣음\진짜로마지막시네마틱넣기전\spongebob\tool\public\Tool_Defines.h(4): fatal error C1083: 포함 파일을 열 수 없습니다. 'imgui.h': No such file or directory
  Underpants.cpp
d:\1_jusin\spongebobgame\선형보간덜된듯_2\광원넣음\진짜로마지막시네마틱넣기전\spongebob\tool\public\Tool_Defines.h(4): fatal error C1083: 포함 파일을 열 수 없습니다. 'imgui.h': No such file or directory
